<?xml version="1.0" encoding="UTF-8"?>
<testng-results ignored="0" total="1" passed="1" failed="0" skipped="0">
  <reporter-output>
  </reporter-output>
  <suite started-at="2023-11-06T13:58:47 IST" name="Suite" finished-at="2023-11-06T13:58:58 IST" duration-ms="11114">
    <groups>
    </groups>
    <test started-at="2023-11-06T13:58:47 IST" name="Test" finished-at="2023-11-06T13:58:58 IST" duration-ms="11114">
      <class name="Google.Googlesearch">
        <test-method signature="search()[pri:0, instance:Google.Googlesearch@3901d134]" started-at="2023-11-06T13:58:47 IST" name="search" finished-at="2023-11-06T13:58:58 IST" duration-ms="11041" status="PASS">
          <reporter-output>
          </reporter-output>
        </test-method> <!-- search -->
      </class> <!-- Google.Googlesearch -->
    </test> <!-- Test -->
  </suite> <!-- Suite -->
</testng-results>
